{"meta": {"format": 3, "version": "7.10.7", "timestamp": "2025-10-09T16:50:09.593976", "branch_coverage": false, "show_contexts": false}, "files": {"openfatture/__init__.py": {"executed_lines": [1, 8, 9, 10], "summary": {"covered_lines": 3, "num_statements": 3, "percent_covered": 100.0, "percent_covered_display": "100", "missing_lines": 0, "excluded_lines": 0}, "missing_lines": [], "excluded_lines": [], "functions": {"": {"executed_lines": [1, 8, 9, 10], "summary": {"covered_lines": 3, "num_statements": 3, "percent_covered": 100.0, "percent_covered_display": "100", "missing_lines": 0, "excluded_lines": 0}, "missing_lines": [], "excluded_lines": []}}, "classes": {"": {"executed_lines": [1, 8, 9, 10], "summary": {"covered_lines": 3, "num_statements": 3, "percent_covered": 100.0, "percent_covered_display": "100", "missing_lines": 0, "excluded_lines": 0}, "missing_lines": [], "excluded_lines": []}}}, "openfatture/ai/__init__.py": {"executed_lines": [], "summary": {"covered_lines": 0, "num_statements": 0, "percent_covered": 100.0, "percent_covered_display": "100", "missing_lines": 0, "excluded_lines": 0}, "missing_lines": [], "excluded_lines": [], "functions": {"": {"executed_lines": [], "summary": {"covered_lines": 0, "num_statements": 0, "percent_covered": 100.0, "percent_covered_display": "100", "missing_lines": 0, "excluded_lines": 0}, "missing_lines": [], "excluded_lines": []}}, "classes": {"": {"executed_lines": [], "summary": {"covered_lines": 0, "num_statements": 0, "percent_covered": 100.0, "percent_covered_display": "100", "missing_lines": 0, "excluded_lines": 0}, "missing_lines": [], "excluded_lines": []}}}, "openfatture/ai/agents/__init__.py": {"executed_lines": [], "summary": {"covered_lines": 0, "num_statements": 0, "percent_covered": 100.0, "percent_covered_display": "100", "missing_lines": 0, "excluded_lines": 0}, "missing_lines": [], "excluded_lines": [], "functions": {"": {"executed_lines": [], "summary": {"covered_lines": 0, "num_statements": 0, "percent_covered": 100.0, "percent_covered_display": "100", "missing_lines": 0, "excluded_lines": 0}, "missing_lines": [], "excluded_lines": []}}, "classes": {"": {"executed_lines": [], "summary": {"covered_lines": 0, "num_statements": 0, "percent_covered": 100.0, "percent_covered_display": "100", "missing_lines": 0, "excluded_lines": 0}, "missing_lines": [], "excluded_lines": []}}}, "openfatture/ai/models/__init__.py": {"executed_lines": [], "summary": {"covered_lines": 0, "num_statements": 0, "percent_covered": 100.0, "percent_covered_display": "100", "missing_lines": 0, "excluded_lines": 0}, "missing_lines": [], "excluded_lines": [], "functions": {"": {"executed_lines": [], "summary": {"covered_lines": 0, "num_statements": 0, "percent_covered": 100.0, "percent_covered_display": "100", "missing_lines": 0, "excluded_lines": 0}, "missing_lines": [], "excluded_lines": []}}, "classes": {"": {"executed_lines": [], "summary": {"covered_lines": 0, "num_statements": 0, "percent_covered": 100.0, "percent_covered_display": "100", "missing_lines": 0, "excluded_lines": 0}, "missing_lines": [], "excluded_lines": []}}}, "openfatture/ai/prompts/__init__.py": {"executed_lines": [], "summary": {"covered_lines": 0, "num_statements": 0, "percent_covered": 100.0, "percent_covered_display": "100", "missing_lines": 0, "excluded_lines": 0}, "missing_lines": [], "excluded_lines": [], "functions": {"": {"executed_lines": [], "summary": {"covered_lines": 0, "num_statements": 0, "percent_covered": 100.0, "percent_covered_display": "100", "missing_lines": 0, "excluded_lines": 0}, "missing_lines": [], "excluded_lines": []}}, "classes": {"": {"executed_lines": [], "summary": {"covered_lines": 0, "num_statements": 0, "percent_covered": 100.0, "percent_covered_display": "100", "missing_lines": 0, "excluded_lines": 0}, "missing_lines": [], "excluded_lines": []}}}, "openfatture/cli/__init__.py": {"executed_lines": [], "summary": {"covered_lines": 0, "num_statements": 0, "percent_covered": 100.0, "percent_covered_display": "100", "missing_lines": 0, "excluded_lines": 0}, "missing_lines": [], "excluded_lines": [], "functions": {"": {"executed_lines": [], "summary": {"covered_lines": 0, "num_statements": 0, "percent_covered": 100.0, "percent_covered_display": "100", "missing_lines": 0, "excluded_lines": 0}, "missing_lines": [], "excluded_lines": []}}, "classes": {"": {"executed_lines": [], "summary": {"covered_lines": 0, "num_statements": 0, "percent_covered": 100.0, "percent_covered_display": "100", "missing_lines": 0, "excluded_lines": 0}, "missing_lines": [], "excluded_lines": []}}}, "openfatture/cli/commands/__init__.py": {"executed_lines": [], "summary": {"covered_lines": 0, "num_statements": 0, "percent_covered": 100.0, "percent_covered_display": "100", "missing_lines": 0, "excluded_lines": 0}, "missing_lines": [], "excluded_lines": [], "functions": {"": {"executed_lines": [], "summary": {"covered_lines": 0, "num_statements": 0, "percent_covered": 100.0, "percent_covered_display": "100", "missing_lines": 0, "excluded_lines": 0}, "missing_lines": [], "excluded_lines": []}}, "classes": {"": {"executed_lines": [], "summary": {"covered_lines": 0, "num_statements": 0, "percent_covered": 100.0, "percent_covered_display": "100", "missing_lines": 0, "excluded_lines": 0}, "missing_lines": [], "excluded_lines": []}}}, "openfatture/cli/commands/ai.py": {"executed_lines": [], "summary": {"covered_lines": 0, "num_statements": 39, "percent_covered": 0.0, "percent_covered_display": "0", "missing_lines": 39, "excluded_lines": 0}, "missing_lines": [3, 4, 6, 7, 10, 11, 20, 21, 23, 24, 27, 28, 37, 38, 47, 48, 50, 51, 54, 55, 58, 59, 68, 70, 71, 75, 76, 77, 78, 81, 82, 91, 93, 94, 98, 99, 100, 101, 102], "excluded_lines": [], "functions": {"ai_describe": {"executed_lines": [], "summary": {"covered_lines": 0, "num_statements": 6, "percent_covered": 0.0, "percent_covered_display": "0", "missing_lines": 6, "excluded_lines": 0}, "missing_lines": [20, 21, 23, 24, 27, 28], "excluded_lines": []}, "ai_suggest_vat": {"executed_lines": [], "summary": {"covered_lines": 0, "num_statements": 6, "percent_covered": 0.0, "percent_covered_display": "0", "missing_lines": 6, "excluded_lines": 0}, "missing_lines": [47, 48, 50, 51, 54, 55], "excluded_lines": []}, "ai_forecast": {"executed_lines": [], "summary": {"covered_lines": 0, "num_statements": 7, "percent_covered": 0.0, "percent_covered_display": "0", "missing_lines": 7, "excluded_lines": 0}, "missing_lines": [68, 70, 71, 75, 76, 77, 78], "excluded_lines": []}, "ai_check": {"executed_lines": [], "summary": {"covered_lines": 0, "num_statements": 8, "percent_covered": 0.0, "percent_covered_display": "0", "missing_lines": 8, "excluded_lines": 0}, "missing_lines": [91, 93, 94, 98, 99, 100, 101, 102], "excluded_lines": []}, "": {"executed_lines": [], "summary": {"covered_lines": 0, "num_statements": 12, "percent_covered": 0.0, "percent_covered_display": "0", "missing_lines": 12, "excluded_lines": 0}, "missing_lines": [3, 4, 6, 7, 10, 11, 37, 38, 58, 59, 81, 82], "excluded_lines": []}}, "classes": {"": {"executed_lines": [], "summary": {"covered_lines": 0, "num_statements": 39, "percent_covered": 0.0, "percent_covered_display": "0", "missing_lines": 39, "excluded_lines": 0}, "missing_lines": [3, 4, 6, 7, 10, 11, 20, 21, 23, 24, 27, 28, 37, 38, 47, 48, 50, 51, 54, 55, 58, 59, 68, 70, 71, 75, 76, 77, 78, 81, 82, 91, 93, 94, 98, 99, 100, 101, 102], "excluded_lines": []}}}, "openfatture/cli/commands/cliente.py": {"executed_lines": [], "summary": {"covered_lines": 0, "num_statements": 148, "percent_covered": 0.0, "percent_covered_display": "0", "missing_lines": 148, "excluded_lines": 0}, "missing_lines": [3, 5, 6, 7, 8, 10, 11, 12, 13, 20, 21, 24, 26, 27, 30, 31, 40, 43, 44, 46, 47, 48, 49, 50, 52, 53, 54, 55, 56, 59, 60, 61, 62, 65, 66, 67, 69, 70, 71, 73, 74, 77, 80, 81, 82, 85, 86, 87, 101, 102, 103, 105, 108, 109, 110, 112, 113, 114, 115, 116, 117, 118, 119, 121, 123, 124, 125, 126, 128, 131, 132, 136, 138, 139, 140, 142, 143, 144, 146, 147, 148, 149, 150, 151, 153, 154, 155, 156, 164, 167, 170, 171, 175, 177, 178, 179, 181, 182, 183, 185, 186, 187, 189, 190, 192, 193, 194, 195, 197, 198, 199, 201, 202, 203, 204, 205, 206, 207, 208, 210, 211, 213, 216, 219, 220, 225, 227, 228, 229, 231, 232, 233, 236, 237, 240, 241, 242, 244, 247, 248, 250, 251, 253, 255, 256, 257, 258, 260], "excluded_lines": [], "functions": {"ensure_db": {"executed_lines": [], "summary": {"covered_lines": 0, "num_statements": 2, "percent_covered": 0.0, "percent_covered_display": "0", "missing_lines": 2, "excluded_lines": 0}, "missing_lines": [26, 27], "excluded_lines": []}, "add_cliente": {"executed_lines": [], "summary": {"covered_lines": 0, "num_statements": 53, "percent_covered": 0.0, "percent_covered_display": "0", "missing_lines": 53, "excluded_lines": 0}, "missing_lines": [40, 43, 44, 46, 47, 48, 49, 50, 52, 53, 54, 55, 56, 59, 60, 61, 62, 65, 66, 67, 69, 70, 71, 73, 74, 77, 80, 81, 82, 85, 86, 87, 101, 102, 103, 105, 108, 109, 110, 112, 113, 114, 115, 116, 117, 118, 119, 121, 123, 124, 125, 126, 128], "excluded_lines": []}, "list_clienti": {"executed_lines": [], "summary": {"covered_lines": 0, "num_statements": 19, "percent_covered": 0.0, "percent_covered_display": "0", "missing_lines": 19, "excluded_lines": 0}, "missing_lines": [136, 138, 139, 140, 142, 143, 144, 146, 147, 148, 149, 150, 151, 153, 154, 155, 156, 164, 167], "excluded_lines": []}, "show_cliente": {"executed_lines": [], "summary": {"covered_lines": 0, "num_statements": 31, "percent_covered": 0.0, "percent_covered_display": "0", "missing_lines": 31, "excluded_lines": 0}, "missing_lines": [175, 177, 178, 179, 181, 182, 183, 185, 186, 187, 189, 190, 192, 193, 194, 195, 197, 198, 199, 201, 202, 203, 204, 205, 206, 207, 208, 210, 211, 213, 216], "excluded_lines": []}, "delete_cliente": {"executed_lines": [], "summary": {"covered_lines": 0, "num_statements": 23, "percent_covered": 0.0, "percent_covered_display": "0", "missing_lines": 23, "excluded_lines": 0}, "missing_lines": [225, 227, 228, 229, 231, 232, 233, 236, 237, 240, 241, 242, 244, 247, 248, 250, 251, 253, 255, 256, 257, 258, 260], "excluded_lines": []}, "": {"executed_lines": [], "summary": {"covered_lines": 0, "num_statements": 20, "percent_covered": 0.0, "percent_covered_display": "0", "missing_lines": 20, "excluded_lines": 0}, "missing_lines": [3, 5, 6, 7, 8, 10, 11, 12, 13, 20, 21, 24, 30, 31, 131, 132, 170, 171, 219, 220], "excluded_lines": []}}, "classes": {"": {"executed_lines": [], "summary": {"covered_lines": 0, "num_statements": 148, "percent_covered": 0.0, "percent_covered_display": "0", "missing_lines": 148, "excluded_lines": 0}, "missing_lines": [3, 5, 6, 7, 8, 10, 11, 12, 13, 20, 21, 24, 26, 27, 30, 31, 40, 43, 44, 46, 47, 48, 49, 50, 52, 53, 54, 55, 56, 59, 60, 61, 62, 65, 66, 67, 69, 70, 71, 73, 74, 77, 80, 81, 82, 85, 86, 87, 101, 102, 103, 105, 108, 109, 110, 112, 113, 114, 115, 116, 117, 118, 119, 121, 123, 124, 125, 126, 128, 131, 132, 136, 138, 139, 140, 142, 143, 144, 146, 147, 148, 149, 150, 151, 153, 154, 155, 156, 164, 167, 170, 171, 175, 177, 178, 179, 181, 182, 183, 185, 186, 187, 189, 190, 192, 193, 194, 195, 197, 198, 199, 201, 202, 203, 204, 205, 206, 207, 208, 210, 211, 213, 216, 219, 220, 225, 227, 228, 229, 231, 232, 233, 236, 237, 240, 241, 242, 244, 247, 248, 250, 251, 253, 255, 256, 257, 258, 260], "excluded_lines": []}}}, "openfatture/cli/commands/config.py": {"executed_lines": [], "summary": {"covered_lines": 0, "num_statements": 51, "percent_covered": 0.0, "percent_covered_display": "0", "missing_lines": 51, "excluded_lines": 0}, "missing_lines": [3, 4, 5, 7, 9, 10, 13, 14, 16, 18, 19, 20, 23, 24, 25, 28, 29, 32, 33, 34, 35, 38, 39, 40, 41, 44, 47, 48, 49, 50, 53, 54, 55, 56, 61, 64, 65, 67, 68, 71, 72, 84, 86, 87, 88, 89, 91, 92, 94, 95, 96], "excluded_lines": [], "functions": {"show_config": {"executed_lines": [], "summary": {"covered_lines": 0, "num_statements": 27, "percent_covered": 0.0, "percent_covered_display": "0", "missing_lines": 27, "excluded_lines": 0}, "missing_lines": [16, 18, 19, 20, 23, 24, 25, 28, 29, 32, 33, 34, 35, 38, 39, 40, 41, 44, 47, 48, 49, 50, 53, 54, 55, 56, 61], "excluded_lines": []}, "reload_config": {"executed_lines": [], "summary": {"covered_lines": 0, "num_statements": 2, "percent_covered": 0.0, "percent_covered_display": "0", "missing_lines": 2, "excluded_lines": 0}, "missing_lines": [67, 68], "excluded_lines": []}, "set_config": {"executed_lines": [], "summary": {"covered_lines": 0, "num_statements": 10, "percent_covered": 0.0, "percent_covered_display": "0", "missing_lines": 10, "excluded_lines": 0}, "missing_lines": [84, 86, 87, 88, 89, 91, 92, 94, 95, 96], "excluded_lines": []}, "": {"executed_lines": [], "summary": {"covered_lines": 0, "num_statements": 12, "percent_covered": 0.0, "percent_covered_display": "0", "missing_lines": 12, "excluded_lines": 0}, "missing_lines": [3, 4, 5, 7, 9, 10, 13, 14, 64, 65, 71, 72], "excluded_lines": []}}, "classes": {"": {"executed_lines": [], "summary": {"covered_lines": 0, "num_statements": 51, "percent_covered": 0.0, "percent_covered_display": "0", "missing_lines": 51, "excluded_lines": 0}, "missing_lines": [3, 4, 5, 7, 9, 10, 13, 14, 16, 18, 19, 20, 23, 24, 25, 28, 29, 32, 33, 34, 35, 38, 39, 40, 41, 44, 47, 48, 49, 50, 53, 54, 55, 56, 61, 64, 65, 67, 68, 71, 72, 84, 86, 87, 88, 89, 91, 92, 94, 95, 96], "excluded_lines": []}}}, "openfatture/cli/commands/fattura.py": {"executed_lines": [], "summary": {"covered_lines": 0, "num_statements": 289, "percent_covered": 0.0, "percent_covered_display": "0", "missing_lines": 289, "excluded_lines": 0}, "missing_lines": [3, 4, 5, 7, 8, 9, 10, 12, 13, 20, 22, 23, 26, 28, 29, 32, 33, 39, 41, 43, 44, 46, 47, 49, 50, 53, 55, 56, 57, 59, 61, 62, 63, 64, 66, 69, 70, 77, 78, 80, 82, 83, 88, 97, 98, 100, 101, 103, 104, 105, 107, 108, 109, 110, 112, 113, 114, 117, 118, 119, 122, 134, 136, 137, 139, 142, 144, 145, 146, 147, 150, 151, 152, 155, 156, 157, 158, 159, 162, 163, 164, 166, 167, 170, 172, 173, 174, 176, 177, 178, 179, 180, 181, 182, 183, 184, 185, 187, 189, 193, 194, 195, 196, 198, 201, 202, 208, 210, 211, 212, 214, 215, 216, 217, 218, 219, 220, 222, 223, 225, 227, 228, 229, 231, 232, 233, 234, 235, 236, 237, 239, 240, 248, 257, 260, 263, 264, 268, 270, 271, 272, 274, 275, 276, 279, 282, 283, 284, 286, 287, 288, 289, 291, 292, 294, 297, 298, 299, 300, 301, 302, 303, 304, 306, 307, 316, 319, 320, 321, 322, 324, 325, 327, 328, 333, 334, 336, 338, 339, 342, 345, 346, 351, 353, 354, 355, 357, 358, 359, 362, 367, 370, 372, 375, 376, 378, 379, 381, 383, 384, 385, 386, 388, 391, 392, 398, 400, 402, 403, 404, 406, 407, 408, 411, 413, 414, 417, 419, 421, 422, 423, 424, 430, 433, 434, 436, 437, 438, 439, 441, 442, 443, 446, 449, 450, 452, 453, 454, 455, 457, 460, 461, 470, 472, 474, 475, 476, 478, 479, 480, 483, 485, 487, 488, 490, 492, 493, 494, 496, 499, 500, 501, 504, 506, 507, 508, 509, 511, 513, 514, 518, 520, 521, 524, 529, 530, 532, 533, 536, 539, 541, 542, 543, 544, 546, 547, 548, 549, 551], "excluded_lines": [], "functions": {"ensure_db": {"executed_lines": [], "summary": {"covered_lines": 0, "num_statements": 2, "percent_covered": 0.0, "percent_covered_display": "0", "missing_lines": 2, "excluded_lines": 0}, "missing_lines": [28, 29], "excluded_lines": []}, "crea_fattura": {"executed_lines": [], "summary": {"covered_lines": 0, "num_statements": 87, "percent_covered": 0.0, "percent_covered_display": "0", "missing_lines": 87, "excluded_lines": 0}, "missing_lines": [39, 41, 43, 44, 46, 47, 49, 50, 53, 55, 56, 57, 59, 61, 62, 63, 64, 66, 69, 70, 77, 78, 80, 82, 83, 88, 97, 98, 100, 101, 103, 104, 105, 107, 108, 109, 110, 112, 113, 114, 117, 118, 119, 122, 134, 136, 137, 139, 142, 144, 145, 146, 147, 150, 151, 152, 155, 156, 157, 158, 159, 162, 163, 164, 166, 167, 170, 172, 173, 174, 176, 177, 178, 179, 180, 181, 182, 183, 184, 185, 187, 189, 193, 194, 195, 196, 198], "excluded_lines": []}, "list_fatture": {"executed_lines": [], "summary": {"covered_lines": 0, "num_statements": 29, "percent_covered": 0.0, "percent_covered_display": "0", "missing_lines": 29, "excluded_lines": 0}, "missing_lines": [208, 210, 211, 212, 214, 215, 216, 217, 218, 219, 220, 222, 223, 225, 227, 228, 229, 231, 232, 233, 234, 235, 236, 237, 239, 240, 248, 257, 260], "excluded_lines": []}, "show_fattura": {"executed_lines": [], "summary": {"covered_lines": 0, "num_statements": 43, "percent_covered": 0.0, "percent_covered_display": "0", "missing_lines": 43, "excluded_lines": 0}, "missing_lines": [268, 270, 271, 272, 274, 275, 276, 279, 282, 283, 284, 286, 287, 288, 289, 291, 292, 294, 297, 298, 299, 300, 301, 302, 303, 304, 306, 307, 316, 319, 320, 321, 322, 324, 325, 327, 328, 333, 334, 336, 338, 339, 342], "excluded_lines": []}, "delete_fattura": {"executed_lines": [], "summary": {"covered_lines": 0, "num_statements": 21, "percent_covered": 0.0, "percent_covered_display": "0", "missing_lines": 21, "excluded_lines": 0}, "missing_lines": [351, 353, 354, 355, 357, 358, 359, 362, 367, 370, 372, 375, 376, 378, 379, 381, 383, 384, 385, 386, 388], "excluded_lines": []}, "genera_xml": {"executed_lines": [], "summary": {"covered_lines": 0, "num_statements": 35, "percent_covered": 0.0, "percent_covered_display": "0", "missing_lines": 35, "excluded_lines": 0}, "missing_lines": [398, 400, 402, 403, 404, 406, 407, 408, 411, 413, 414, 417, 419, 421, 422, 423, 424, 430, 433, 434, 436, 437, 438, 439, 441, 442, 443, 446, 449, 450, 452, 453, 454, 455, 457], "excluded_lines": []}, "invia_fattura": {"executed_lines": [], "summary": {"covered_lines": 0, "num_statements": 47, "percent_covered": 0.0, "percent_covered_display": "0", "missing_lines": 47, "excluded_lines": 0}, "missing_lines": [470, 472, 474, 475, 476, 478, 479, 480, 483, 485, 487, 488, 490, 492, 493, 494, 496, 499, 500, 501, 504, 506, 507, 508, 509, 511, 513, 514, 518, 520, 521, 524, 529, 530, 532, 533, 536, 539, 541, 542, 543, 544, 546, 547, 548, 549, 551], "excluded_lines": []}, "": {"executed_lines": [], "summary": {"covered_lines": 0, "num_statements": 25, "percent_covered": 0.0, "percent_covered_display": "0", "missing_lines": 25, "excluded_lines": 0}, "missing_lines": [3, 4, 5, 7, 8, 9, 10, 12, 13, 20, 22, 23, 26, 32, 33, 201, 202, 263, 264, 345, 346, 391, 392, 460, 461], "excluded_lines": []}}, "classes": {"": {"executed_lines": [], "summary": {"covered_lines": 0, "num_statements": 289, "percent_covered": 0.0, "percent_covered_display": "0", "missing_lines": 289, "excluded_lines": 0}, "missing_lines": [3, 4, 5, 7, 8, 9, 10, 12, 13, 20, 22, 23, 26, 28, 29, 32, 33, 39, 41, 43, 44, 46, 47, 49, 50, 53, 55, 56, 57, 59, 61, 62, 63, 64, 66, 69, 70, 77, 78, 80, 82, 83, 88, 97, 98, 100, 101, 103, 104, 105, 107, 108, 109, 110, 112, 113, 114, 117, 118, 119, 122, 134, 136, 137, 139, 142, 144, 145, 146, 147, 150, 151, 152, 155, 156, 157, 158, 159, 162, 163, 164, 166, 167, 170, 172, 173, 174, 176, 177, 178, 179, 180, 181, 182, 183, 184, 185, 187, 189, 193, 194, 195, 196, 198, 201, 202, 208, 210, 211, 212, 214, 215, 216, 217, 218, 219, 220, 222, 223, 225, 227, 228, 229, 231, 232, 233, 234, 235, 236, 237, 239, 240, 248, 257, 260, 263, 264, 268, 270, 271, 272, 274, 275, 276, 279, 282, 283, 284, 286, 287, 288, 289, 291, 292, 294, 297, 298, 299, 300, 301, 302, 303, 304, 306, 307, 316, 319, 320, 321, 322, 324, 325, 327, 328, 333, 334, 336, 338, 339, 342, 345, 346, 351, 353, 354, 355, 357, 358, 359, 362, 367, 370, 372, 375, 376, 378, 379, 381, 383, 384, 385, 386, 388, 391, 392, 398, 400, 402, 403, 404, 406, 407, 408, 411, 413, 414, 417, 419, 421, 422, 423, 424, 430, 433, 434, 436, 437, 438, 439, 441, 442, 443, 446, 449, 450, 452, 453, 454, 455, 457, 460, 461, 470, 472, 474, 475, 476, 478, 479, 480, 483, 485, 487, 488, 490, 492, 493, 494, 496, 499, 500, 501, 504, 506, 507, 508, 509, 511, 513, 514, 518, 520, 521, 524, 529, 530, 532, 533, 536, 539, 541, 542, 543, 544, 546, 547, 548, 549, 551], "excluded_lines": []}}}, "openfatture/cli/commands/init.py": {"executed_lines": [], "summary": {"covered_lines": 0, "num_statements": 60, "percent_covered": 0.0, "percent_covered_display": "0", "missing_lines": 60, "excluded_lines": 0}, "missing_lines": [3, 5, 6, 7, 8, 10, 11, 12, 14, 15, 18, 19, 35, 37, 40, 41, 42, 43, 44, 47, 48, 49, 52, 53, 55, 56, 58, 59, 63, 64, 67, 68, 69, 72, 74, 75, 76, 77, 78, 79, 81, 83, 84, 85, 86, 87, 89, 91, 92, 93, 94, 96, 97, 98, 99, 102, 133, 134, 137, 146], "excluded_lines": [], "functions": {"init": {"executed_lines": [], "summary": {"covered_lines": 0, "num_statements": 48, "percent_covered": 0.0, "percent_covered_display": "0", "missing_lines": 48, "excluded_lines": 0}, "missing_lines": [35, 37, 40, 41, 42, 43, 44, 47, 48, 49, 52, 53, 55, 56, 58, 59, 63, 64, 67, 68, 69, 72, 74, 75, 76, 77, 78, 79, 81, 83, 84, 85, 86, 87, 89, 91, 92, 93, 94, 96, 97, 98, 99, 102, 133, 134, 137, 146], "excluded_lines": []}, "": {"executed_lines": [], "summary": {"covered_lines": 0, "num_statements": 12, "percent_covered": 0.0, "percent_covered_display": "0", "missing_lines": 12, "excluded_lines": 0}, "missing_lines": [3, 5, 6, 7, 8, 10, 11, 12, 14, 15, 18, 19], "excluded_lines": []}}, "classes": {"": {"executed_lines": [], "summary": {"covered_lines": 0, "num_statements": 60, "percent_covered": 0.0, "percent_covered_display": "0", "missing_lines": 60, "excluded_lines": 0}, "missing_lines": [3, 5, 6, 7, 8, 10, 11, 12, 14, 15, 18, 19, 35, 37, 40, 41, 42, 43, 44, 47, 48, 49, 52, 53, 55, 56, 58, 59, 63, 64, 67, 68, 69, 72, 74, 75, 76, 77, 78, 79, 81, 83, 84, 85, 86, 87, 89, 91, 92, 93, 94, 96, 97, 98, 99, 102, 133, 134, 137, 146], "excluded_lines": []}}}, "openfatture/cli/commands/pec.py": {"executed_lines": [], "summary": {"covered_lines": 0, "num_statements": 48, "percent_covered": 0.0, "percent_covered_display": "0", "missing_lines": 48, "excluded_lines": 0}, "missing_lines": [3, 4, 6, 7, 9, 10, 13, 14, 23, 25, 28, 29, 30, 31, 33, 34, 35, 36, 38, 39, 41, 43, 44, 46, 47, 48, 50, 51, 52, 53, 54, 55, 56, 59, 60, 62, 64, 66, 68, 69, 70, 72, 73, 77, 78, 79, 81, 82], "excluded_lines": [], "functions": {"test_pec": {"executed_lines": [], "summary": {"covered_lines": 0, "num_statements": 25, "percent_covered": 0.0, "percent_covered_display": "0", "missing_lines": 25, "excluded_lines": 0}, "missing_lines": [23, 25, 28, 29, 30, 31, 33, 34, 35, 36, 38, 39, 41, 43, 44, 46, 47, 48, 50, 51, 52, 53, 54, 55, 56], "excluded_lines": []}, "pec_info": {"executed_lines": [], "summary": {"covered_lines": 0, "num_statements": 13, "percent_covered": 0.0, "percent_covered_display": "0", "missing_lines": 13, "excluded_lines": 0}, "missing_lines": [62, 64, 66, 68, 69, 70, 72, 73, 77, 78, 79, 81, 82], "excluded_lines": []}, "": {"executed_lines": [], "summary": {"covered_lines": 0, "num_statements": 10, "percent_covered": 0.0, "percent_covered_display": "0", "missing_lines": 10, "excluded_lines": 0}, "missing_lines": [3, 4, 6, 7, 9, 10, 13, 14, 59, 60], "excluded_lines": []}}, "classes": {"": {"executed_lines": [], "summary": {"covered_lines": 0, "num_statements": 48, "percent_covered": 0.0, "percent_covered_display": "0", "missing_lines": 48, "excluded_lines": 0}, "missing_lines": [3, 4, 6, 7, 9, 10, 13, 14, 23, 25, 28, 29, 30, 31, 33, 34, 35, 36, 38, 39, 41, 43, 44, 46, 47, 48, 50, 51, 52, 53, 54, 55, 56, 59, 60, 62, 64, 66, 68, 69, 70, 72, 73, 77, 78, 79, 81, 82], "excluded_lines": []}}}, "openfatture/cli/commands/report.py": {"executed_lines": [], "summary": {"covered_lines": 0, "num_statements": 99, "percent_covered": 0.0, "percent_covered_display": "0", "missing_lines": 99, "excluded_lines": 0}, "missing_lines": [3, 4, 6, 7, 8, 10, 11, 12, 14, 15, 18, 20, 21, 24, 25, 35, 37, 39, 40, 47, 48, 49, 51, 52, 54, 55, 57, 58, 60, 67, 68, 70, 75, 77, 78, 79, 82, 83, 84, 87, 88, 89, 91, 92, 93, 94, 96, 99, 101, 102, 104, 106, 107, 108, 109, 110, 112, 113, 114, 115, 117, 118, 119, 125, 126, 129, 132, 133, 142, 144, 146, 147, 148, 151, 164, 165, 166, 168, 169, 170, 171, 172, 174, 175, 177, 179, 186, 189, 190, 193, 196, 197, 204, 206, 208, 209, 214, 215, 216], "excluded_lines": [], "functions": {"ensure_db": {"executed_lines": [], "summary": {"covered_lines": 0, "num_statements": 2, "percent_covered": 0.0, "percent_covered_display": "0", "missing_lines": 2, "excluded_lines": 0}, "missing_lines": [20, 21], "excluded_lines": []}, "report_iva": {"executed_lines": [], "summary": {"covered_lines": 0, "num_statements": 51, "percent_covered": 0.0, "percent_covered_display": "0", "missing_lines": 51, "excluded_lines": 0}, "missing_lines": [35, 37, 39, 40, 47, 48, 49, 51, 52, 54, 55, 57, 58, 60, 67, 68, 70, 75, 77, 78, 79, 82, 83, 84, 87, 88, 89, 91, 92, 93, 94, 96, 99, 101, 102, 104, 106, 107, 108, 109, 110, 112, 113, 114, 115, 117, 118, 119, 125, 126, 129], "excluded_lines": []}, "report_clienti": {"executed_lines": [], "summary": {"covered_lines": 0, "num_statements": 22, "percent_covered": 0.0, "percent_covered_display": "0", "missing_lines": 22, "excluded_lines": 0}, "missing_lines": [142, 144, 146, 147, 148, 151, 164, 165, 166, 168, 169, 170, 171, 172, 174, 175, 177, 179, 186, 189, 190, 193], "excluded_lines": []}, "report_scadenze": {"executed_lines": [], "summary": {"covered_lines": 0, "num_statements": 7, "percent_covered": 0.0, "percent_covered_display": "0", "missing_lines": 7, "excluded_lines": 0}, "missing_lines": [204, 206, 208, 209, 214, 215, 216], "excluded_lines": []}, "": {"executed_lines": [], "summary": {"covered_lines": 0, "num_statements": 17, "percent_covered": 0.0, "percent_covered_display": "0", "missing_lines": 17, "excluded_lines": 0}, "missing_lines": [3, 4, 6, 7, 8, 10, 11, 12, 14, 15, 18, 24, 25, 132, 133, 196, 197], "excluded_lines": []}}, "classes": {"": {"executed_lines": [], "summary": {"covered_lines": 0, "num_statements": 99, "percent_covered": 0.0, "percent_covered_display": "0", "missing_lines": 99, "excluded_lines": 0}, "missing_lines": [3, 4, 6, 7, 8, 10, 11, 12, 14, 15, 18, 20, 21, 24, 25, 35, 37, 39, 40, 47, 48, 49, 51, 52, 54, 55, 57, 58, 60, 67, 68, 70, 75, 77, 78, 79, 82, 83, 84, 87, 88, 89, 91, 92, 93, 94, 96, 99, 101, 102, 104, 106, 107, 108, 109, 110, 112, 113, 114, 115, 117, 118, 119, 125, 126, 129, 132, 133, 142, 144, 146, 147, 148, 151, 164, 165, 166, 168, 169, 170, 171, 172, 174, 175, 177, 179, 186, 189, 190, 193, 196, 197, 204, 206, 208, 209, 214, 215, 216], "excluded_lines": []}}}, "openfatture/cli/main.py": {"executed_lines": [], "summary": {"covered_lines": 0, "num_statements": 20, "percent_covered": 0.0, "percent_covered_display": "0", "missing_lines": 20, "excluded_lines": 2}, "missing_lines": [3, 4, 6, 9, 12, 18, 21, 23, 24, 25, 28, 29, 45, 49, 50, 51, 52, 53, 54, 55], "excluded_lines": [58, 59], "functions": {"version_callback": {"executed_lines": [], "summary": {"covered_lines": 0, "num_statements": 3, "percent_covered": 0.0, "percent_covered_display": "0", "missing_lines": 3, "excluded_lines": 0}, "missing_lines": [23, 24, 25], "excluded_lines": []}, "main": {"executed_lines": [], "summary": {"covered_lines": 0, "num_statements": 1, "percent_covered": 0.0, "percent_covered_display": "0", "missing_lines": 1, "excluded_lines": 0}, "missing_lines": [45], "excluded_lines": []}, "": {"executed_lines": [], "summary": {"covered_lines": 0, "num_statements": 16, "percent_covered": 0.0, "percent_covered_display": "0", "missing_lines": 16, "excluded_lines": 2}, "missing_lines": [3, 4, 6, 9, 12, 18, 21, 28, 29, 49, 50, 51, 52, 53, 54, 55], "excluded_lines": [58, 59]}}, "classes": {"": {"executed_lines": [], "summary": {"covered_lines": 0, "num_statements": 20, "percent_covered": 0.0, "percent_covered_display": "0", "missing_lines": 20, "excluded_lines": 2}, "missing_lines": [3, 4, 6, 9, 12, 18, 21, 23, 24, 25, 28, 29, 45, 49, 50, 51, 52, 53, 54, 55], "excluded_lines": [58, 59]}}}, "openfatture/core/__init__.py": {"executed_lines": [1], "summary": {"covered_lines": 0, "num_statements": 0, "percent_covered": 100.0, "percent_covered_display": "100", "missing_lines": 0, "excluded_lines": 0}, "missing_lines": [], "excluded_lines": [], "functions": {"": {"executed_lines": [1], "summary": {"covered_lines": 0, "num_statements": 0, "percent_covered": 100.0, "percent_covered_display": "100", "missing_lines": 0, "excluded_lines": 0}, "missing_lines": [], "excluded_lines": []}}, "classes": {"": {"executed_lines": [1], "summary": {"covered_lines": 0, "num_statements": 0, "percent_covered": 100.0, "percent_covered_display": "100", "missing_lines": 0, "excluded_lines": 0}, "missing_lines": [], "excluded_lines": []}}}, "openfatture/core/clienti/__init__.py": {"executed_lines": [], "summary": {"covered_lines": 0, "num_statements": 0, "percent_covered": 100.0, "percent_covered_display": "100", "missing_lines": 0, "excluded_lines": 0}, "missing_lines": [], "excluded_lines": [], "functions": {"": {"executed_lines": [], "summary": {"covered_lines": 0, "num_statements": 0, "percent_covered": 100.0, "percent_covered_display": "100", "missing_lines": 0, "excluded_lines": 0}, "missing_lines": [], "excluded_lines": []}}, "classes": {"": {"executed_lines": [], "summary": {"covered_lines": 0, "num_statements": 0, "percent_covered": 100.0, "percent_covered_display": "100", "missing_lines": 0, "excluded_lines": 0}, "missing_lines": [], "excluded_lines": []}}}, "openfatture/core/fatture/__init__.py": {"executed_lines": [1], "summary": {"covered_lines": 0, "num_statements": 0, "percent_covered": 100.0, "percent_covered_display": "100", "missing_lines": 0, "excluded_lines": 0}, "missing_lines": [], "excluded_lines": [], "functions": {"": {"executed_lines": [1], "summary": {"covered_lines": 0, "num_statements": 0, "percent_covered": 100.0, "percent_covered_display": "100", "missing_lines": 0, "excluded_lines": 0}, "missing_lines": [], "excluded_lines": []}}, "classes": {"": {"executed_lines": [1], "summary": {"covered_lines": 0, "num_statements": 0, "percent_covered": 100.0, "percent_covered_display": "100", "missing_lines": 0, "excluded_lines": 0}, "missing_lines": [], "excluded_lines": []}}}, "openfatture/core/fatture/service.py": {"executed_lines": [1, 3, 4, 6, 7, 8, 9, 12, 13, 15, 17, 18, 19, 21, 34, 36, 37, 40, 43, 49, 51, 53, 54, 56, 58, 59], "summary": {"covered_lines": 24, "num_statements": 27, "percent_covered": 88.88888888888889, "percent_covered_display": "89", "missing_lines": 3, "excluded_lines": 0}, "missing_lines": [44, 45, 46], "excluded_lines": [], "functions": {"InvoiceService.__init__": {"executed_lines": [17, 18, 19], "summary": {"covered_lines": 3, "num_statements": 3, "percent_covered": 100.0, "percent_covered_display": "100", "missing_lines": 0, "excluded_lines": 0}, "missing_lines": [], "excluded_lines": []}, "InvoiceService.generate_xml": {"executed_lines": [34, 36, 37, 40, 43, 49, 51, 53, 54], "summary": {"covered_lines": 9, "num_statements": 12, "percent_covered": 75.0, "percent_covered_display": "75", "missing_lines": 3, "excluded_lines": 0}, "missing_lines": [44, 45, 46], "excluded_lines": []}, "InvoiceService.get_xml_path": {"executed_lines": [58, 59], "summary": {"covered_lines": 2, "num_statements": 2, "percent_covered": 100.0, "percent_covered_display": "100", "missing_lines": 0, "excluded_lines": 0}, "missing_lines": [], "excluded_lines": []}, "": {"executed_lines": [1, 3, 4, 6, 7, 8, 9, 12, 13, 15, 21, 56], "summary": {"covered_lines": 10, "num_statements": 10, "percent_covered": 100.0, "percent_covered_display": "100", "missing_lines": 0, "excluded_lines": 0}, "missing_lines": [], "excluded_lines": []}}, "classes": {"InvoiceService": {"executed_lines": [17, 18, 19, 34, 36, 37, 40, 43, 49, 51, 53, 54, 58, 59], "summary": {"covered_lines": 14, "num_statements": 17, "percent_covered": 82.3529411764706, "percent_covered_display": "82", "missing_lines": 3, "excluded_lines": 0}, "missing_lines": [44, 45, 46], "excluded_lines": []}, "": {"executed_lines": [1, 3, 4, 6, 7, 8, 9, 12, 13, 15, 21, 56], "summary": {"covered_lines": 10, "num_statements": 10, "percent_covered": 100.0, "percent_covered_display": "100", "missing_lines": 0, "excluded_lines": 0}, "missing_lines": [], "excluded_lines": []}}}, "openfatture/core/fiscale/__init__.py": {"executed_lines": [], "summary": {"covered_lines": 0, "num_statements": 0, "percent_covered": 100.0, "percent_covered_display": "100", "missing_lines": 0, "excluded_lines": 0}, "missing_lines": [], "excluded_lines": [], "functions": {"": {"executed_lines": [], "summary": {"covered_lines": 0, "num_statements": 0, "percent_covered": 100.0, "percent_covered_display": "100", "missing_lines": 0, "excluded_lines": 0}, "missing_lines": [], "excluded_lines": []}}, "classes": {"": {"executed_lines": [], "summary": {"covered_lines": 0, "num_statements": 0, "percent_covered": 100.0, "percent_covered_display": "100", "missing_lines": 0, "excluded_lines": 0}, "missing_lines": [], "excluded_lines": []}}}, "openfatture/core/prodotti/__init__.py": {"executed_lines": [], "summary": {"covered_lines": 0, "num_statements": 0, "percent_covered": 100.0, "percent_covered_display": "100", "missing_lines": 0, "excluded_lines": 0}, "missing_lines": [], "excluded_lines": [], "functions": {"": {"executed_lines": [], "summary": {"covered_lines": 0, "num_statements": 0, "percent_covered": 100.0, "percent_covered_display": "100", "missing_lines": 0, "excluded_lines": 0}, "missing_lines": [], "excluded_lines": []}}, "classes": {"": {"executed_lines": [], "summary": {"covered_lines": 0, "num_statements": 0, "percent_covered": 100.0, "percent_covered_display": "100", "missing_lines": 0, "excluded_lines": 0}, "missing_lines": [], "excluded_lines": []}}}, "openfatture/sdi/__init__.py": {"executed_lines": [1], "summary": {"covered_lines": 0, "num_statements": 0, "percent_covered": 100.0, "percent_covered_display": "100", "missing_lines": 0, "excluded_lines": 0}, "missing_lines": [], "excluded_lines": [], "functions": {"": {"executed_lines": [1], "summary": {"covered_lines": 0, "num_statements": 0, "percent_covered": 100.0, "percent_covered_display": "100", "missing_lines": 0, "excluded_lines": 0}, "missing_lines": [], "excluded_lines": []}}, "classes": {"": {"executed_lines": [1], "summary": {"covered_lines": 0, "num_statements": 0, "percent_covered": 100.0, "percent_covered_display": "100", "missing_lines": 0, "excluded_lines": 0}, "missing_lines": [], "excluded_lines": []}}}, "openfatture/sdi/notifiche/__init__.py": {"executed_lines": [], "summary": {"covered_lines": 0, "num_statements": 0, "percent_covered": 100.0, "percent_covered_display": "100", "missing_lines": 0, "excluded_lines": 0}, "missing_lines": [], "excluded_lines": [], "functions": {"": {"executed_lines": [], "summary": {"covered_lines": 0, "num_statements": 0, "percent_covered": 100.0, "percent_covered_display": "100", "missing_lines": 0, "excluded_lines": 0}, "missing_lines": [], "excluded_lines": []}}, "classes": {"": {"executed_lines": [], "summary": {"covered_lines": 0, "num_statements": 0, "percent_covered": 100.0, "percent_covered_display": "100", "missing_lines": 0, "excluded_lines": 0}, "missing_lines": [], "excluded_lines": []}}}, "openfatture/sdi/pec_sender/__init__.py": {"executed_lines": [1], "summary": {"covered_lines": 0, "num_statements": 0, "percent_covered": 100.0, "percent_covered_display": "100", "missing_lines": 0, "excluded_lines": 0}, "missing_lines": [], "excluded_lines": [], "functions": {"": {"executed_lines": [1], "summary": {"covered_lines": 0, "num_statements": 0, "percent_covered": 100.0, "percent_covered_display": "100", "missing_lines": 0, "excluded_lines": 0}, "missing_lines": [], "excluded_lines": []}}, "classes": {"": {"executed_lines": [1], "summary": {"covered_lines": 0, "num_statements": 0, "percent_covered": 100.0, "percent_covered_display": "100", "missing_lines": 0, "excluded_lines": 0}, "missing_lines": [], "excluded_lines": []}}}, "openfatture/sdi/pec_sender/sender.py": {"executed_lines": [1, 3, 4, 5, 6, 7, 8, 9, 10, 11, 13, 14, 17, 18, 25, 32, 34, 49, 50, 52, 55, 56, 58, 60, 61, 62, 63, 66, 67, 70, 71, 72, 73, 74, 75, 78, 81, 83, 88, 89, 92, 93, 95, 97, 100, 103, 104, 106, 116, 129, 136, 139, 142, 143, 144, 145, 146, 148, 154, 156, 158, 163, 164, 166, 178, 193], "summary": {"covered_lines": 64, "num_statements": 75, "percent_covered": 85.33333333333333, "percent_covered_display": "85", "missing_lines": 11, "excluded_lines": 0}, "missing_lines": [53, 98, 101, 137, 140, 168, 169, 171, 172, 174, 175], "excluded_lines": [], "functions": {"PECSender.__init__": {"executed_lines": [32], "summary": {"covered_lines": 1, "num_statements": 1, "percent_covered": 100.0, "percent_covered_display": "100", "missing_lines": 0, "excluded_lines": 0}, "missing_lines": [], "excluded_lines": []}, "PECSender.send_invoice": {"executed_lines": [49, 50, 52, 55, 56, 58, 60, 61, 62, 63, 66, 67, 70, 71, 72, 73, 74, 75, 78, 81, 83, 88, 89, 92, 93, 95, 97, 100, 103, 104], "summary": {"covered_lines": 30, "num_statements": 33, "percent_covered": 90.9090909090909, "percent_covered_display": "91", "missing_lines": 3, "excluded_lines": 0}, "missing_lines": [53, 98, 101], "excluded_lines": []}, "PECSender._create_email_body": {"executed_lines": [116], "summary": {"covered_lines": 1, "num_statements": 1, "percent_covered": 100.0, "percent_covered_display": "100", "missing_lines": 0, "excluded_lines": 0}, "missing_lines": [], "excluded_lines": []}, "PECSender.send_test_email": {"executed_lines": [136, 139, 142, 143, 144, 145, 146, 148, 154, 156, 158, 163, 164, 166], "summary": {"covered_lines": 14, "num_statements": 22, "percent_covered": 63.63636363636363, "percent_covered_display": "64", "missing_lines": 8, "excluded_lines": 0}, "missing_lines": [137, 140, 168, 169, 171, 172, 174, 175], "excluded_lines": []}, "create_log_entry": {"executed_lines": [193], "summary": {"covered_lines": 1, "num_statements": 1, "percent_covered": 100.0, "percent_covered_display": "100", "missing_lines": 0, "excluded_lines": 0}, "missing_lines": [], "excluded_lines": []}, "": {"executed_lines": [1, 3, 4, 5, 6, 7, 8, 9, 10, 11, 13, 14, 17, 18, 25, 34, 106, 129, 178], "summary": {"covered_lines": 17, "num_statements": 17, "percent_covered": 100.0, "percent_covered_display": "100", "missing_lines": 0, "excluded_lines": 0}, "missing_lines": [], "excluded_lines": []}}, "classes": {"PECSender": {"executed_lines": [32, 49, 50, 52, 55, 56, 58, 60, 61, 62, 63, 66, 67, 70, 71, 72, 73, 74, 75, 78, 81, 83, 88, 89, 92, 93, 95, 97, 100, 103, 104, 116, 136, 139, 142, 143, 144, 145, 146, 148, 154, 156, 158, 163, 164, 166], "summary": {"covered_lines": 46, "num_statements": 57, "percent_covered": 80.70175438596492, "percent_covered_display": "81", "missing_lines": 11, "excluded_lines": 0}, "missing_lines": [53, 98, 101, 137, 140, 168, 169, 171, 172, 174, 175], "excluded_lines": []}, "": {"executed_lines": [1, 3, 4, 5, 6, 7, 8, 9, 10, 11, 13, 14, 17, 18, 25, 34, 106, 129, 178, 193], "summary": {"covered_lines": 18, "num_statements": 18, "percent_covered": 100.0, "percent_covered_display": "100", "missing_lines": 0, "excluded_lines": 0}, "missing_lines": [], "excluded_lines": []}}}, "openfatture/sdi/validator/__init__.py": {"executed_lines": [1], "summary": {"covered_lines": 0, "num_statements": 0, "percent_covered": 100.0, "percent_covered_display": "100", "missing_lines": 0, "excluded_lines": 0}, "missing_lines": [], "excluded_lines": [], "functions": {"": {"executed_lines": [1], "summary": {"covered_lines": 0, "num_statements": 0, "percent_covered": 100.0, "percent_covered_display": "100", "missing_lines": 0, "excluded_lines": 0}, "missing_lines": [], "excluded_lines": []}}, "classes": {"": {"executed_lines": [1], "summary": {"covered_lines": 0, "num_statements": 0, "percent_covered": 100.0, "percent_covered_display": "100", "missing_lines": 0, "excluded_lines": 0}, "missing_lines": [], "excluded_lines": []}}}, "openfatture/sdi/validator/xsd_validator.py": {"executed_lines": [1, 3, 4, 6, 9, 10, 17, 25, 26, 28, 29, 31, 33, 34, 36, 56, 86, 103], "summary": {"covered_lines": 16, "num_statements": 47, "percent_covered": 34.04255319148936, "percent_covered_display": "34", "missing_lines": 31, "excluded_lines": 0}, "missing_lines": [44, 45, 52, 53, 54, 67, 68, 69, 70, 71, 74, 75, 76, 77, 80, 81, 82, 83, 84, 96, 97, 99, 100, 113, 115, 116, 117, 119, 121, 122, 126], "excluded_lines": [], "functions": {"FatturaPAValidator.__init__": {"executed_lines": [25, 26], "summary": {"covered_lines": 2, "num_statements": 2, "percent_covered": 100.0, "percent_covered_display": "100", "missing_lines": 0, "excluded_lines": 0}, "missing_lines": [], "excluded_lines": []}, "FatturaPAValidator._get_default_xsd_path": {"executed_lines": [31, 33, 34], "summary": {"covered_lines": 3, "num_statements": 3, "percent_covered": 100.0, "percent_covered_display": "100", "missing_lines": 0, "excluded_lines": 0}, "missing_lines": [], "excluded_lines": []}, "FatturaPAValidator.load_schema": {"executed_lines": [], "summary": {"covered_lines": 0, "num_statements": 5, "percent_covered": 0.0, "percent_covered_display": "0", "missing_lines": 5, "excluded_lines": 0}, "missing_lines": [44, 45, 52, 53, 54], "excluded_lines": []}, "FatturaPAValidator.validate": {"executed_lines": [], "summary": {"covered_lines": 0, "num_statements": 14, "percent_covered": 0.0, "percent_covered_display": "0", "missing_lines": 14, "excluded_lines": 0}, "missing_lines": [67, 68, 69, 70, 71, 74, 75, 76, 77, 80, 81, 82, 83, 84], "excluded_lines": []}, "FatturaPAValidator.validate_file": {"executed_lines": [], "summary": {"covered_lines": 0, "num_statements": 4, "percent_covered": 0.0, "percent_covered_display": "0", "missing_lines": 4, "excluded_lines": 0}, "missing_lines": [96, 97, 99, 100], "excluded_lines": []}, "download_xsd_schema": {"executed_lines": [], "summary": {"covered_lines": 0, "num_statements": 8, "percent_covered": 0.0, "percent_covered_display": "0", "missing_lines": 8, "excluded_lines": 0}, "missing_lines": [113, 115, 116, 117, 119, 121, 122, 126], "excluded_lines": []}, "": {"executed_lines": [1, 3, 4, 6, 9, 10, 17, 28, 29, 36, 56, 86, 103], "summary": {"covered_lines": 11, "num_statements": 11, "percent_covered": 100.0, "percent_covered_display": "100", "missing_lines": 0, "excluded_lines": 0}, "missing_lines": [], "excluded_lines": []}}, "classes": {"FatturaPAValidator": {"executed_lines": [25, 26, 31, 33, 34], "summary": {"covered_lines": 5, "num_statements": 28, "percent_covered": 17.857142857142858, "percent_covered_display": "18", "missing_lines": 23, "excluded_lines": 0}, "missing_lines": [44, 45, 52, 53, 54, 67, 68, 69, 70, 71, 74, 75, 76, 77, 80, 81, 82, 83, 84, 96, 97, 99, 100], "excluded_lines": []}, "": {"executed_lines": [1, 3, 4, 6, 9, 10, 17, 28, 29, 36, 56, 86, 103], "summary": {"covered_lines": 11, "num_statements": 19, "percent_covered": 57.89473684210526, "percent_covered_display": "58", "missing_lines": 8, "excluded_lines": 0}, "missing_lines": [113, 115, 116, 117, 119, 121, 122, 126], "excluded_lines": []}}}, "openfatture/sdi/xml_builder/__init__.py": {"executed_lines": [1], "summary": {"covered_lines": 0, "num_statements": 0, "percent_covered": 100.0, "percent_covered_display": "100", "missing_lines": 0, "excluded_lines": 0}, "missing_lines": [], "excluded_lines": [], "functions": {"": {"executed_lines": [1], "summary": {"covered_lines": 0, "num_statements": 0, "percent_covered": 100.0, "percent_covered_display": "100", "missing_lines": 0, "excluded_lines": 0}, "missing_lines": [], "excluded_lines": []}}, "classes": {"": {"executed_lines": [1], "summary": {"covered_lines": 0, "num_statements": 0, "percent_covered": 100.0, "percent_covered_display": "100", "missing_lines": 0, "excluded_lines": 0}, "missing_lines": [], "excluded_lines": []}}}, "openfatture/sdi/xml_builder/fatturapa.py": {"executed_lines": [1, 3, 4, 5, 6, 8, 10, 11, 14, 15, 27, 29, 36, 38, 52, 55, 62, 63, 66, 74, 75, 76, 78, 80, 82, 83, 85, 88, 89, 91, 93, 96, 99, 102, 104, 108, 111, 112, 113, 117, 118, 121, 124, 125, 128, 129, 131, 133, 136, 139, 140, 141, 144, 145, 150, 151, 156, 161, 162, 163, 164, 165, 166, 169, 176, 180, 181, 184, 187, 188, 189, 190, 193, 194, 197, 198, 201, 202, 203, 204, 205, 206, 208, 210, 213, 216, 219, 221, 223, 226, 228, 229, 230, 231, 234, 235, 236, 237, 240, 243, 246, 247, 248, 249, 253, 255, 258, 259, 261, 262, 264, 267, 268, 271, 274, 279, 281, 283, 284, 286, 287, 289, 290, 294, 295, 298, 299, 302, 304, 306, 309, 312, 315, 318, 320, 321, 326, 327, 328, 330, 334, 335, 346, 347, 350, 366, 367, 369], "summary": {"covered_lines": 146, "num_statements": 152, "percent_covered": 96.05263157894737, "percent_covered_display": "96", "missing_lines": 6, "excluded_lines": 0}, "missing_lines": [86, 170, 171, 172, 173, 174], "excluded_lines": [], "functions": {"FatturaPABuilder.__init__": {"executed_lines": [36], "summary": {"covered_lines": 1, "num_statements": 1, "percent_covered": 100.0, "percent_covered_display": "100", "missing_lines": 0, "excluded_lines": 0}, "missing_lines": [], "excluded_lines": []}, "FatturaPABuilder.build": {"executed_lines": [52, 55, 62, 63, 66, 74, 75, 76, 78], "summary": {"covered_lines": 9, "num_statements": 9, "percent_covered": 100.0, "percent_covered_display": "100", "missing_lines": 0, "excluded_lines": 0}, "missing_lines": [], "excluded_lines": []}, "FatturaPABuilder._validate_invoice": {"executed_lines": [82, 83, 85, 88, 89], "summary": {"covered_lines": 5, "num_statements": 6, "percent_covered": 83.33333333333333, "percent_covered_display": "83", "missing_lines": 1, "excluded_lines": 0}, "missing_lines": [86], "excluded_lines": []}, "FatturaPABuilder._build_header": {"executed_lines": [93, 96, 99, 102], "summary": {"covered_lines": 4, "num_statements": 4, "percent_covered": 100.0, "percent_covered_display": "100", "missing_lines": 0, "excluded_lines": 0}, "missing_lines": [], "excluded_lines": []}, "FatturaPABuilder._build_dati_trasmissione": {"executed_lines": [108, 111, 112, 113, 117, 118, 121, 124, 125, 128, 129], "summary": {"covered_lines": 11, "num_statements": 11, "percent_covered": 100.0, "percent_covered_display": "100", "missing_lines": 0, "excluded_lines": 0}, "missing_lines": [], "excluded_lines": []}, "FatturaPABuilder._build_cedente_prestatore": {"executed_lines": [133, 136, 139, 140, 141, 144, 145, 150, 151, 156, 161, 162, 163, 164, 165, 166, 169], "summary": {"covered_lines": 17, "num_statements": 22, "percent_covered": 77.27272727272727, "percent_covered_display": "77", "missing_lines": 5, "excluded_lines": 0}, "missing_lines": [170, 171, 172, 173, 174], "excluded_lines": []}, "FatturaPABuilder._build_cessionario_committente": {"executed_lines": [180, 181, 184, 187, 188, 189, 190, 193, 194, 197, 198, 201, 202, 203, 204, 205, 206], "summary": {"covered_lines": 17, "num_statements": 17, "percent_covered": 100.0, "percent_covered_display": "100", "missing_lines": 0, "excluded_lines": 0}, "missing_lines": [], "excluded_lines": []}, "FatturaPABuilder._build_body": {"executed_lines": [210, 213, 216, 219], "summary": {"covered_lines": 4, "num_statements": 4, "percent_covered": 100.0, "percent_covered_display": "100", "missing_lines": 0, "excluded_lines": 0}, "missing_lines": [], "excluded_lines": []}, "FatturaPABuilder._build_dati_generali": {"executed_lines": [223, 226, 228, 229, 230, 231, 234, 235, 236, 237, 240, 243, 246, 247, 248, 249], "summary": {"covered_lines": 16, "num_statements": 16, "percent_covered": 100.0, "percent_covered_display": "100", "missing_lines": 0, "excluded_lines": 0}, "missing_lines": [], "excluded_lines": []}, "FatturaPABuilder._build_dati_beni_servizi": {"executed_lines": [255, 258, 259, 261, 262, 264, 267, 268, 271, 274, 279, 281, 283, 284, 286, 287, 289, 290, 294, 295, 298, 299, 302], "summary": {"covered_lines": 23, "num_statements": 23, "percent_covered": 100.0, "percent_covered_display": "100", "missing_lines": 0, "excluded_lines": 0}, "missing_lines": [], "excluded_lines": []}, "FatturaPABuilder._build_dati_pagamento": {"executed_lines": [306, 309, 312, 315, 318, 320, 321, 326, 327, 328, 330], "summary": {"covered_lines": 11, "num_statements": 11, "percent_covered": 100.0, "percent_covered_display": "100", "missing_lines": 0, "excluded_lines": 0}, "missing_lines": [], "excluded_lines": []}, "FatturaPABuilder._format_decimal": {"executed_lines": [346, 347], "summary": {"covered_lines": 2, "num_statements": 2, "percent_covered": 100.0, "percent_covered_display": "100", "missing_lines": 0, "excluded_lines": 0}, "missing_lines": [], "excluded_lines": []}, "generate_filename": {"executed_lines": [366, 367, 369], "summary": {"covered_lines": 3, "num_statements": 3, "percent_covered": 100.0, "percent_covered_display": "100", "missing_lines": 0, "excluded_lines": 0}, "missing_lines": [], "excluded_lines": []}, "": {"executed_lines": [1, 3, 4, 5, 6, 8, 10, 11, 14, 15, 27, 29, 38, 80, 91, 104, 131, 176, 208, 221, 253, 304, 334, 335, 350], "summary": {"covered_lines": 23, "num_statements": 23, "percent_covered": 100.0, "percent_covered_display": "100", "missing_lines": 0, "excluded_lines": 0}, "missing_lines": [], "excluded_lines": []}}, "classes": {"FatturaPABuilder": {"executed_lines": [36, 52, 55, 62, 63, 66, 74, 75, 76, 78, 82, 83, 85, 88, 89, 93, 96, 99, 102, 108, 111, 112, 113, 117, 118, 121, 124, 125, 128, 129, 133, 136, 139, 140, 141, 144, 145, 150, 151, 156, 161, 162, 163, 164, 165, 166, 169, 180, 181, 184, 187, 188, 189, 190, 193, 194, 197, 198, 201, 202, 203, 204, 205, 206, 210, 213, 216, 219, 223, 226, 228, 229, 230, 231, 234, 235, 236, 237, 240, 243, 246, 247, 248, 249, 255, 258, 259, 261, 262, 264, 267, 268, 271, 274, 279, 281, 283, 284, 286, 287, 289, 290, 294, 295, 298, 299, 302, 306, 309, 312, 315, 318, 320, 321, 326, 327, 328, 330, 346, 347], "summary": {"covered_lines": 120, "num_statements": 126, "percent_covered": 95.23809523809524, "percent_covered_display": "95", "missing_lines": 6, "excluded_lines": 0}, "missing_lines": [86, 170, 171, 172, 173, 174], "excluded_lines": []}, "": {"executed_lines": [1, 3, 4, 5, 6, 8, 10, 11, 14, 15, 27, 29, 38, 80, 91, 104, 131, 176, 208, 221, 253, 304, 334, 335, 350, 366, 367, 369], "summary": {"covered_lines": 26, "num_statements": 26, "percent_covered": 100.0, "percent_covered_display": "100", "missing_lines": 0, "excluded_lines": 0}, "missing_lines": [], "excluded_lines": []}}}, "openfatture/storage/__init__.py": {"executed_lines": [1], "summary": {"covered_lines": 0, "num_statements": 0, "percent_covered": 100.0, "percent_covered_display": "100", "missing_lines": 0, "excluded_lines": 0}, "missing_lines": [], "excluded_lines": [], "functions": {"": {"executed_lines": [1], "summary": {"covered_lines": 0, "num_statements": 0, "percent_covered": 100.0, "percent_covered_display": "100", "missing_lines": 0, "excluded_lines": 0}, "missing_lines": [], "excluded_lines": []}}, "classes": {"": {"executed_lines": [1], "summary": {"covered_lines": 0, "num_statements": 0, "percent_covered": 100.0, "percent_covered_display": "100", "missing_lines": 0, "excluded_lines": 0}, "missing_lines": [], "excluded_lines": []}}}, "openfatture/storage/archivio/__init__.py": {"executed_lines": [], "summary": {"covered_lines": 0, "num_statements": 0, "percent_covered": 100.0, "percent_covered_display": "100", "missing_lines": 0, "excluded_lines": 0}, "missing_lines": [], "excluded_lines": [], "functions": {"": {"executed_lines": [], "summary": {"covered_lines": 0, "num_statements": 0, "percent_covered": 100.0, "percent_covered_display": "100", "missing_lines": 0, "excluded_lines": 0}, "missing_lines": [], "excluded_lines": []}}, "classes": {"": {"executed_lines": [], "summary": {"covered_lines": 0, "num_statements": 0, "percent_covered": 100.0, "percent_covered_display": "100", "missing_lines": 0, "excluded_lines": 0}, "missing_lines": [], "excluded_lines": []}}}, "openfatture/storage/database/__init__.py": {"executed_lines": [1], "summary": {"covered_lines": 0, "num_statements": 0, "percent_covered": 100.0, "percent_covered_display": "100", "missing_lines": 0, "excluded_lines": 0}, "missing_lines": [], "excluded_lines": [], "functions": {"": {"executed_lines": [1], "summary": {"covered_lines": 0, "num_statements": 0, "percent_covered": 100.0, "percent_covered_display": "100", "missing_lines": 0, "excluded_lines": 0}, "missing_lines": [], "excluded_lines": []}}, "classes": {"": {"executed_lines": [1], "summary": {"covered_lines": 0, "num_statements": 0, "percent_covered": 100.0, "percent_covered_display": "100", "missing_lines": 0, "excluded_lines": 0}, "missing_lines": [], "excluded_lines": []}}}, "openfatture/storage/database/base.py": {"executed_lines": [1, 3, 4, 6, 7, 10, 18, 21, 22, 24, 27, 28, 31, 38, 44, 45, 48, 64], "summary": {"covered_lines": 16, "num_statements": 26, "percent_covered": 61.53846153846154, "percent_covered_display": "62", "missing_lines": 10, "excluded_lines": 0}, "missing_lines": [40, 52, 58, 61, 66, 67, 69, 70, 71, 73], "excluded_lines": [], "functions": {"Base.to_dict": {"executed_lines": [], "summary": {"covered_lines": 0, "num_statements": 1, "percent_covered": 0.0, "percent_covered_display": "0", "missing_lines": 1, "excluded_lines": 0}, "missing_lines": [40], "excluded_lines": []}, "init_db": {"executed_lines": [], "summary": {"covered_lines": 0, "num_statements": 3, "percent_covered": 0.0, "percent_covered_display": "0", "missing_lines": 3, "excluded_lines": 0}, "missing_lines": [52, 58, 61], "excluded_lines": []}, "get_db": {"executed_lines": [], "summary": {"covered_lines": 0, "num_statements": 6, "percent_covered": 0.0, "percent_covered_display": "0", "missing_lines": 6, "excluded_lines": 0}, "missing_lines": [66, 67, 69, 70, 71, 73], "excluded_lines": []}, "": {"executed_lines": [1, 3, 4, 6, 7, 10, 18, 21, 22, 24, 27, 28, 31, 38, 44, 45, 48, 64], "summary": {"covered_lines": 16, "num_statements": 16, "percent_covered": 100.0, "percent_covered_display": "100", "missing_lines": 0, "excluded_lines": 0}, "missing_lines": [], "excluded_lines": []}}, "classes": {"Base": {"executed_lines": [], "summary": {"covered_lines": 0, "num_statements": 1, "percent_covered": 0.0, "percent_covered_display": "0", "missing_lines": 1, "excluded_lines": 0}, "missing_lines": [40], "excluded_lines": []}, "": {"executed_lines": [1, 3, 4, 6, 7, 10, 18, 21, 22, 24, 27, 28, 31, 38, 44, 45, 48, 64], "summary": {"covered_lines": 16, "num_statements": 25, "percent_covered": 64.0, "percent_covered_display": "64", "missing_lines": 9, "excluded_lines": 0}, "missing_lines": [52, 58, 61, 66, 67, 69, 70, 71, 73], "excluded_lines": []}}}, "openfatture/storage/database/models.py": {"executed_lines": [1, 3, 4, 5, 6, 8, 18, 20, 24, 25, 27, 28, 29, 30, 31, 32, 33, 34, 35, 36, 37, 38, 39, 40, 41, 42, 43, 44, 47, 48, 50, 51, 52, 53, 54, 55, 56, 59, 60, 62, 63, 64, 65, 66, 67, 68, 69, 70, 71, 72, 73, 74, 75, 76, 77, 78, 79, 82, 83, 85, 86, 87, 88, 92, 93, 95, 98, 99, 100, 103, 104, 107, 108, 109, 110, 111, 112, 115, 116, 119, 120, 123, 126, 128, 132, 133, 135, 137, 138, 139, 140, 143, 146, 149, 152, 154, 158, 159, 161, 164, 165, 168, 171, 176, 177, 180, 181, 182, 185, 186, 189, 192, 197, 198, 199, 202, 203, 204, 207, 210, 213, 216, 220, 224, 225, 227, 229, 230, 233, 236, 239, 240, 241, 244, 247, 248, 249, 251, 255, 256, 258, 260, 261, 264, 267, 268, 271, 276, 279, 280, 283, 285, 289, 290, 292, 294, 295, 298, 301, 304, 307, 309], "summary": {"covered_lines": 145, "num_statements": 145, "percent_covered": 100.0, "percent_covered_display": "100", "missing_lines": 0, "excluded_lines": 12}, "missing_lines": [], "excluded_lines": [128, 129, 154, 155, 220, 221, 251, 252, 285, 286, 309, 310], "functions": {"Cliente.__repr__": {"executed_lines": [], "summary": {"covered_lines": 0, "num_statements": 0, "percent_covered": 100.0, "percent_covered_display": "100", "missing_lines": 0, "excluded_lines": 1}, "missing_lines": [], "excluded_lines": [129]}, "Prodotto.__repr__": {"executed_lines": [], "summary": {"covered_lines": 0, "num_statements": 0, "percent_covered": 100.0, "percent_covered_display": "100", "missing_lines": 0, "excluded_lines": 1}, "missing_lines": [], "excluded_lines": [155]}, "Fattura.__repr__": {"executed_lines": [], "summary": {"covered_lines": 0, "num_statements": 0, "percent_covered": 100.0, "percent_covered_display": "100", "missing_lines": 0, "excluded_lines": 1}, "missing_lines": [], "excluded_lines": [221]}, "RigaFattura.__repr__": {"executed_lines": [], "summary": {"covered_lines": 0, "num_statements": 0, "percent_covered": 100.0, "percent_covered_display": "100", "missing_lines": 0, "excluded_lines": 1}, "missing_lines": [], "excluded_lines": [252]}, "Pagamento.__repr__": {"executed_lines": [], "summary": {"covered_lines": 0, "num_statements": 0, "percent_covered": 100.0, "percent_covered_display": "100", "missing_lines": 0, "excluded_lines": 1}, "missing_lines": [], "excluded_lines": [286]}, "LogSDI.__repr__": {"executed_lines": [], "summary": {"covered_lines": 0, "num_statements": 0, "percent_covered": 100.0, "percent_covered_display": "100", "missing_lines": 0, "excluded_lines": 1}, "missing_lines": [], "excluded_lines": [310]}, "": {"executed_lines": [1, 3, 4, 5, 6, 8, 18, 20, 24, 25, 27, 28, 29, 30, 31, 32, 33, 34, 35, 36, 37, 38, 39, 40, 41, 42, 43, 44, 47, 48, 50, 51, 52, 53, 54, 55, 56, 59, 60, 62, 63, 64, 65, 66, 67, 68, 69, 70, 71, 72, 73, 74, 75, 76, 77, 78, 79, 82, 83, 85, 86, 87, 88, 92, 93, 95, 98, 99, 100, 103, 104, 107, 108, 109, 110, 111, 112, 115, 116, 119, 120, 123, 126, 128, 132, 133, 135, 137, 138, 139, 140, 143, 146, 149, 152, 154, 158, 159, 161, 164, 165, 168, 171, 176, 177, 180, 181, 182, 185, 186, 189, 192, 197, 198, 199, 202, 203, 204, 207, 210, 213, 216, 220, 224, 225, 227, 229, 230, 233, 236, 239, 240, 241, 244, 247, 248, 249, 251, 255, 256, 258, 260, 261, 264, 267, 268, 271, 276, 279, 280, 283, 285, 289, 290, 292, 294, 295, 298, 301, 304, 307, 309], "summary": {"covered_lines": 145, "num_statements": 145, "percent_covered": 100.0, "percent_covered_display": "100", "missing_lines": 0, "excluded_lines": 6}, "missing_lines": [], "excluded_lines": [128, 154, 220, 251, 285, 309]}}, "classes": {"TipoDocumento": {"executed_lines": [], "summary": {"covered_lines": 0, "num_statements": 0, "percent_covered": 100.0, "percent_covered_display": "100", "missing_lines": 0, "excluded_lines": 0}, "missing_lines": [], "excluded_lines": []}, "StatoFattura": {"executed_lines": [], "summary": {"covered_lines": 0, "num_statements": 0, "percent_covered": 100.0, "percent_covered_display": "100", "missing_lines": 0, "excluded_lines": 0}, "missing_lines": [], "excluded_lines": []}, "RegimeFiscale": {"executed_lines": [], "summary": {"covered_lines": 0, "num_statements": 0, "percent_covered": 100.0, "percent_covered_display": "100", "missing_lines": 0, "excluded_lines": 0}, "missing_lines": [], "excluded_lines": []}, "StatoPagamento": {"executed_lines": [], "summary": {"covered_lines": 0, "num_statements": 0, "percent_covered": 100.0, "percent_covered_display": "100", "missing_lines": 0, "excluded_lines": 0}, "missing_lines": [], "excluded_lines": []}, "Cliente": {"executed_lines": [], "summary": {"covered_lines": 0, "num_statements": 0, "percent_covered": 100.0, "percent_covered_display": "100", "missing_lines": 0, "excluded_lines": 1}, "missing_lines": [], "excluded_lines": [129]}, "Prodotto": {"executed_lines": [], "summary": {"covered_lines": 0, "num_statements": 0, "percent_covered": 100.0, "percent_covered_display": "100", "missing_lines": 0, "excluded_lines": 1}, "missing_lines": [], "excluded_lines": [155]}, "Fattura": {"executed_lines": [], "summary": {"covered_lines": 0, "num_statements": 0, "percent_covered": 100.0, "percent_covered_display": "100", "missing_lines": 0, "excluded_lines": 1}, "missing_lines": [], "excluded_lines": [221]}, "RigaFattura": {"executed_lines": [], "summary": {"covered_lines": 0, "num_statements": 0, "percent_covered": 100.0, "percent_covered_display": "100", "missing_lines": 0, "excluded_lines": 1}, "missing_lines": [], "excluded_lines": [252]}, "Pagamento": {"executed_lines": [], "summary": {"covered_lines": 0, "num_statements": 0, "percent_covered": 100.0, "percent_covered_display": "100", "missing_lines": 0, "excluded_lines": 1}, "missing_lines": [], "excluded_lines": [286]}, "LogSDI": {"executed_lines": [], "summary": {"covered_lines": 0, "num_statements": 0, "percent_covered": 100.0, "percent_covered_display": "100", "missing_lines": 0, "excluded_lines": 1}, "missing_lines": [], "excluded_lines": [310]}, "": {"executed_lines": [1, 3, 4, 5, 6, 8, 18, 20, 24, 25, 27, 28, 29, 30, 31, 32, 33, 34, 35, 36, 37, 38, 39, 40, 41, 42, 43, 44, 47, 48, 50, 51, 52, 53, 54, 55, 56, 59, 60, 62, 63, 64, 65, 66, 67, 68, 69, 70, 71, 72, 73, 74, 75, 76, 77, 78, 79, 82, 83, 85, 86, 87, 88, 92, 93, 95, 98, 99, 100, 103, 104, 107, 108, 109, 110, 111, 112, 115, 116, 119, 120, 123, 126, 128, 132, 133, 135, 137, 138, 139, 140, 143, 146, 149, 152, 154, 158, 159, 161, 164, 165, 168, 171, 176, 177, 180, 181, 182, 185, 186, 189, 192, 197, 198, 199, 202, 203, 204, 207, 210, 213, 216, 220, 224, 225, 227, 229, 230, 233, 236, 239, 240, 241, 244, 247, 248, 249, 251, 255, 256, 258, 260, 261, 264, 267, 268, 271, 276, 279, 280, 283, 285, 289, 290, 292, 294, 295, 298, 301, 304, 307, 309], "summary": {"covered_lines": 145, "num_statements": 145, "percent_covered": 100.0, "percent_covered_display": "100", "missing_lines": 0, "excluded_lines": 6}, "missing_lines": [], "excluded_lines": [128, 154, 220, 251, 285, 309]}}}, "openfatture/utils/__init__.py": {"executed_lines": [1], "summary": {"covered_lines": 0, "num_statements": 0, "percent_covered": 100.0, "percent_covered_display": "100", "missing_lines": 0, "excluded_lines": 0}, "missing_lines": [], "excluded_lines": [], "functions": {"": {"executed_lines": [1], "summary": {"covered_lines": 0, "num_statements": 0, "percent_covered": 100.0, "percent_covered_display": "100", "missing_lines": 0, "excluded_lines": 0}, "missing_lines": [], "excluded_lines": []}}, "classes": {"": {"executed_lines": [1], "summary": {"covered_lines": 0, "num_statements": 0, "percent_covered": 100.0, "percent_covered_display": "100", "missing_lines": 0, "excluded_lines": 0}, "missing_lines": [], "excluded_lines": []}}}, "openfatture/utils/config.py": {"executed_lines": [1, 3, 4, 6, 7, 10, 11, 13, 21, 22, 23, 26, 32, 33, 34, 37, 38, 39, 40, 41, 42, 43, 44, 45, 46, 47, 50, 51, 52, 53, 54, 60, 64, 70, 74, 78, 79, 83, 84, 87, 91, 92, 93, 95, 96, 100, 103, 106, 107, 108, 111], "summary": {"covered_lines": 49, "num_statements": 51, "percent_covered": 96.07843137254902, "percent_covered_display": "96", "missing_lines": 2, "excluded_lines": 0}, "missing_lines": [114, 115], "excluded_lines": [], "functions": {"Settings.create_dir_if_not_exists": {"executed_lines": [95, 96], "summary": {"covered_lines": 2, "num_statements": 2, "percent_covered": 100.0, "percent_covered_display": "100", "missing_lines": 0, "excluded_lines": 0}, "missing_lines": [], "excluded_lines": []}, "get_settings": {"executed_lines": [106, 107, 108], "summary": {"covered_lines": 3, "num_statements": 3, "percent_covered": 100.0, "percent_covered_display": "100", "missing_lines": 0, "excluded_lines": 0}, "missing_lines": [], "excluded_lines": []}, "reload_settings": {"executed_lines": [], "summary": {"covered_lines": 0, "num_statements": 2, "percent_covered": 0.0, "percent_covered_display": "0", "missing_lines": 2, "excluded_lines": 0}, "missing_lines": [114, 115], "excluded_lines": []}, "": {"executed_lines": [1, 3, 4, 6, 7, 10, 11, 13, 21, 22, 23, 26, 32, 33, 34, 37, 38, 39, 40, 41, 42, 43, 44, 45, 46, 47, 50, 51, 52, 53, 54, 60, 64, 70, 74, 78, 79, 83, 84, 87, 91, 92, 93, 100, 103, 111], "summary": {"covered_lines": 44, "num_statements": 44, "percent_covered": 100.0, "percent_covered_display": "100", "missing_lines": 0, "excluded_lines": 0}, "missing_lines": [], "excluded_lines": []}}, "classes": {"Settings": {"executed_lines": [95, 96], "summary": {"covered_lines": 2, "num_statements": 2, "percent_covered": 100.0, "percent_covered_display": "100", "missing_lines": 0, "excluded_lines": 0}, "missing_lines": [], "excluded_lines": []}, "": {"executed_lines": [1, 3, 4, 6, 7, 10, 11, 13, 21, 22, 23, 26, 32, 33, 34, 37, 38, 39, 40, 41, 42, 43, 44, 45, 46, 47, 50, 51, 52, 53, 54, 60, 64, 70, 74, 78, 79, 83, 84, 87, 91, 92, 93, 100, 103, 106, 107, 108, 111], "summary": {"covered_lines": 47, "num_statements": 49, "percent_covered": 95.91836734693878, "percent_covered_display": "96", "missing_lines": 2, "excluded_lines": 0}, "missing_lines": [114, 115], "excluded_lines": []}}}, "openfatture/utils/logging.py": {"executed_lines": [], "summary": {"covered_lines": 0, "num_statements": 57, "percent_covered": 0.0, "percent_covered_display": "0", "missing_lines": 57, "excluded_lines": 0}, "missing_lines": [11, 12, 13, 15, 16, 19, 27, 28, 29, 32, 38, 48, 49, 50, 53, 54, 55, 56, 58, 61, 63, 64, 65, 68, 82, 92, 94, 97, 99, 105, 110, 119, 126, 134, 138, 148, 149, 150, 151, 153, 154, 155, 156, 157, 159, 160, 161, 163, 164, 170, 180, 188, 199, 206, 216, 223, 234], "excluded_lines": [], "functions": {"add_correlation_id": {"executed_lines": [], "summary": {"covered_lines": 0, "num_statements": 3, "percent_covered": 0.0, "percent_covered_display": "0", "missing_lines": 3, "excluded_lines": 0}, "missing_lines": [27, 28, 29], "excluded_lines": []}, "filter_sensitive_data": {"executed_lines": [], "summary": {"covered_lines": 0, "num_statements": 9, "percent_covered": 0.0, "percent_covered_display": "0", "missing_lines": 9, "excluded_lines": 0}, "missing_lines": [38, 48, 49, 50, 53, 54, 55, 56, 58], "excluded_lines": []}, "add_app_context": {"executed_lines": [], "summary": {"covered_lines": 0, "num_statements": 3, "percent_covered": 0.0, "percent_covered_display": "0", "missing_lines": 3, "excluded_lines": 0}, "missing_lines": [63, 64, 65], "excluded_lines": []}, "configure_logging": {"executed_lines": [], "summary": {"covered_lines": 0, "num_statements": 8, "percent_covered": 0.0, "percent_covered_display": "0", "missing_lines": 8, "excluded_lines": 0}, "missing_lines": [82, 92, 94, 97, 99, 105, 110, 119], "excluded_lines": []}, "get_logger": {"executed_lines": [], "summary": {"covered_lines": 0, "num_statements": 1, "percent_covered": 0.0, "percent_covered_display": "0", "missing_lines": 1, "excluded_lines": 0}, "missing_lines": [134], "excluded_lines": []}, "LogPerformance.__init__": {"executed_lines": [], "summary": {"covered_lines": 0, "num_statements": 3, "percent_covered": 0.0, "percent_covered_display": "0", "missing_lines": 3, "excluded_lines": 0}, "missing_lines": [149, 150, 151], "excluded_lines": []}, "LogPerformance.__enter__": {"executed_lines": [], "summary": {"covered_lines": 0, "num_statements": 4, "percent_covered": 0.0, "percent_covered_display": "0", "missing_lines": 4, "excluded_lines": 0}, "missing_lines": [154, 155, 156, 157], "excluded_lines": []}, "LogPerformance.__exit__": {"executed_lines": [], "summary": {"covered_lines": 0, "num_statements": 5, "percent_covered": 0.0, "percent_covered_display": "0", "missing_lines": 5, "excluded_lines": 0}, "missing_lines": [160, 161, 163, 164, 170], "excluded_lines": []}, "log_invoice_created": {"executed_lines": [], "summary": {"covered_lines": 0, "num_statements": 1, "percent_covered": 0.0, "percent_covered_display": "0", "missing_lines": 1, "excluded_lines": 0}, "missing_lines": [188], "excluded_lines": []}, "log_invoice_sent": {"executed_lines": [], "summary": {"covered_lines": 0, "num_statements": 1, "percent_covered": 0.0, "percent_covered_display": "0", "missing_lines": 1, "excluded_lines": 0}, "missing_lines": [206], "excluded_lines": []}, "log_sdi_notification": {"executed_lines": [], "summary": {"covered_lines": 0, "num_statements": 1, "percent_covered": 0.0, "percent_covered_display": "0", "missing_lines": 1, "excluded_lines": 0}, "missing_lines": [223], "excluded_lines": []}, "": {"executed_lines": [], "summary": {"covered_lines": 0, "num_statements": 18, "percent_covered": 0.0, "percent_covered_display": "0", "missing_lines": 18, "excluded_lines": 0}, "missing_lines": [11, 12, 13, 15, 16, 19, 32, 61, 68, 126, 138, 148, 153, 159, 180, 199, 216, 234], "excluded_lines": []}}, "classes": {"LogPerformance": {"executed_lines": [], "summary": {"covered_lines": 0, "num_statements": 12, "percent_covered": 0.0, "percent_covered_display": "0", "missing_lines": 12, "excluded_lines": 0}, "missing_lines": [149, 150, 151, 154, 155, 156, 157, 160, 161, 163, 164, 170], "excluded_lines": []}, "": {"executed_lines": [], "summary": {"covered_lines": 0, "num_statements": 45, "percent_covered": 0.0, "percent_covered_display": "0", "missing_lines": 45, "excluded_lines": 0}, "missing_lines": [11, 12, 13, 15, 16, 19, 27, 28, 29, 32, 38, 48, 49, 50, 53, 54, 55, 56, 58, 61, 63, 64, 65, 68, 82, 92, 94, 97, 99, 105, 110, 119, 126, 134, 138, 148, 153, 159, 180, 188, 199, 206, 216, 223, 234], "excluded_lines": []}}}, "openfatture/utils/security.py": {"executed_lines": [], "summary": {"covered_lines": 0, "num_statements": 68, "percent_covered": 0.0, "percent_covered_display": "0", "missing_lines": 68, "excluded_lines": 3}, "missing_lines": [11, 12, 13, 15, 16, 19, 30, 37, 39, 42, 53, 54, 59, 65, 66, 71, 78, 86, 88, 89, 90, 93, 95, 97, 107, 108, 110, 120, 121, 123, 124, 126, 129, 142, 143, 145, 146, 147, 148, 150, 152, 153, 158, 161, 172, 173, 175, 178, 190, 191, 199, 200, 201, 203, 204, 205, 206, 208, 212, 221, 222, 224, 226, 228, 229, 234, 236, 238], "excluded_lines": [40, 57, 68], "functions": {"SecretsManager.__init__": {"executed_lines": [], "summary": {"covered_lines": 0, "num_statements": 2, "percent_covered": 0.0, "percent_covered_display": "0", "missing_lines": 2, "excluded_lines": 1}, "missing_lines": [37, 39], "excluded_lines": [40]}, "SecretsManager.get_secret": {"executed_lines": [], "summary": {"covered_lines": 0, "num_statements": 2, "percent_covered": 0.0, "percent_covered_display": "0", "missing_lines": 2, "excluded_lines": 1}, "missing_lines": [53, 54], "excluded_lines": [57]}, "SecretsManager.set_secret": {"executed_lines": [], "summary": {"covered_lines": 0, "num_statements": 2, "percent_covered": 0.0, "percent_covered_display": "0", "missing_lines": 2, "excluded_lines": 1}, "missing_lines": [65, 66], "excluded_lines": [68]}, "DataEncryption.__init__": {"executed_lines": [], "summary": {"covered_lines": 0, "num_statements": 6, "percent_covered": 0.0, "percent_covered_display": "0", "missing_lines": 6, "excluded_lines": 0}, "missing_lines": [86, 88, 89, 90, 93, 95], "excluded_lines": []}, "DataEncryption.encrypt": {"executed_lines": [], "summary": {"covered_lines": 0, "num_statements": 2, "percent_covered": 0.0, "percent_covered_display": "0", "missing_lines": 2, "excluded_lines": 0}, "missing_lines": [107, 108], "excluded_lines": []}, "DataEncryption.decrypt": {"executed_lines": [], "summary": {"covered_lines": 0, "num_statements": 2, "percent_covered": 0.0, "percent_covered_display": "0", "missing_lines": 2, "excluded_lines": 0}, "missing_lines": [120, 121], "excluded_lines": []}, "DataEncryption.generate_key": {"executed_lines": [], "summary": {"covered_lines": 0, "num_statements": 1, "percent_covered": 0.0, "percent_covered_display": "0", "missing_lines": 1, "excluded_lines": 0}, "missing_lines": [126], "excluded_lines": []}, "validate_env_vars": {"executed_lines": [], "summary": {"covered_lines": 0, "num_statements": 10, "percent_covered": 0.0, "percent_covered_display": "0", "missing_lines": 10, "excluded_lines": 0}, "missing_lines": [142, 143, 145, 146, 147, 148, 150, 152, 153, 158], "excluded_lines": []}, "mask_sensitive_value": {"executed_lines": [], "summary": {"covered_lines": 0, "num_statements": 3, "percent_covered": 0.0, "percent_covered_display": "0", "missing_lines": 3, "excluded_lines": 0}, "missing_lines": [172, 173, 175], "excluded_lines": []}, "check_secrets_in_code": {"executed_lines": [], "summary": {"covered_lines": 0, "num_statements": 10, "percent_covered": 0.0, "percent_covered_display": "0", "missing_lines": 10, "excluded_lines": 0}, "missing_lines": [190, 191, 199, 200, 201, 203, 204, 205, 206, 208], "excluded_lines": []}, "SecureConfig.__init__": {"executed_lines": [], "summary": {"covered_lines": 0, "num_statements": 1, "percent_covered": 0.0, "percent_covered_display": "0", "missing_lines": 1, "excluded_lines": 0}, "missing_lines": [222], "excluded_lines": []}, "SecureConfig.get_secret": {"executed_lines": [], "summary": {"covered_lines": 0, "num_statements": 4, "percent_covered": 0.0, "percent_covered_display": "0", "missing_lines": 4, "excluded_lines": 0}, "missing_lines": [226, 228, 229, 234], "excluded_lines": []}, "SecureConfig.get_public_config": {"executed_lines": [], "summary": {"covered_lines": 0, "num_statements": 1, "percent_covered": 0.0, "percent_covered_display": "0", "missing_lines": 1, "excluded_lines": 0}, "missing_lines": [238], "excluded_lines": []}, "": {"executed_lines": [], "summary": {"covered_lines": 0, "num_statements": 22, "percent_covered": 0.0, "percent_covered_display": "0", "missing_lines": 22, "excluded_lines": 0}, "missing_lines": [11, 12, 13, 15, 16, 19, 30, 42, 59, 71, 78, 97, 110, 123, 124, 129, 161, 178, 212, 221, 224, 236], "excluded_lines": []}}, "classes": {"SecretsManager": {"executed_lines": [], "summary": {"covered_lines": 0, "num_statements": 6, "percent_covered": 0.0, "percent_covered_display": "0", "missing_lines": 6, "excluded_lines": 3}, "missing_lines": [37, 39, 53, 54, 65, 66], "excluded_lines": [40, 57, 68]}, "DataEncryption": {"executed_lines": [], "summary": {"covered_lines": 0, "num_statements": 11, "percent_covered": 0.0, "percent_covered_display": "0", "missing_lines": 11, "excluded_lines": 0}, "missing_lines": [86, 88, 89, 90, 93, 95, 107, 108, 120, 121, 126], "excluded_lines": []}, "SecureConfig": {"executed_lines": [], "summary": {"covered_lines": 0, "num_statements": 6, "percent_covered": 0.0, "percent_covered_display": "0", "missing_lines": 6, "excluded_lines": 0}, "missing_lines": [222, 226, 228, 229, 234, 238], "excluded_lines": []}, "": {"executed_lines": [], "summary": {"covered_lines": 0, "num_statements": 45, "percent_covered": 0.0, "percent_covered_display": "0", "missing_lines": 45, "excluded_lines": 0}, "missing_lines": [11, 12, 13, 15, 16, 19, 30, 42, 59, 71, 78, 97, 110, 123, 124, 129, 142, 143, 145, 146, 147, 148, 150, 152, 153, 158, 161, 172, 173, 175, 178, 190, 191, 199, 200, 201, 203, 204, 205, 206, 208, 212, 221, 224, 236], "excluded_lines": []}}}, "openfatture/utils/validators.py": {"executed_lines": [1, 3, 6, 16, 17, 19, 20, 23, 24, 25, 26, 27, 29, 31, 32, 35, 45, 46, 48, 49, 52, 62, 63, 65, 68, 78, 79, 81, 82, 85, 96], "summary": {"covered_lines": 30, "num_statements": 30, "percent_covered": 100.0, "percent_covered_display": "100", "missing_lines": 0, "excluded_lines": 0}, "missing_lines": [], "excluded_lines": [], "functions": {"validate_partita_iva": {"executed_lines": [16, 17, 19, 20, 23, 24, 25, 26, 27, 29, 31, 32], "summary": {"covered_lines": 12, "num_statements": 12, "percent_covered": 100.0, "percent_covered_display": "100", "missing_lines": 0, "excluded_lines": 0}, "missing_lines": [], "excluded_lines": []}, "validate_codice_fiscale": {"executed_lines": [45, 46, 48, 49], "summary": {"covered_lines": 4, "num_statements": 4, "percent_covered": 100.0, "percent_covered_display": "100", "missing_lines": 0, "excluded_lines": 0}, "missing_lines": [], "excluded_lines": []}, "validate_codice_destinatario": {"executed_lines": [62, 63, 65], "summary": {"covered_lines": 3, "num_statements": 3, "percent_covered": 100.0, "percent_covered_display": "100", "missing_lines": 0, "excluded_lines": 0}, "missing_lines": [], "excluded_lines": []}, "validate_pec_email": {"executed_lines": [78, 79, 81, 82], "summary": {"covered_lines": 4, "num_statements": 4, "percent_covered": 100.0, "percent_covered_display": "100", "missing_lines": 0, "excluded_lines": 0}, "missing_lines": [], "excluded_lines": []}, "format_importo": {"executed_lines": [96], "summary": {"covered_lines": 1, "num_statements": 1, "percent_covered": 100.0, "percent_covered_display": "100", "missing_lines": 0, "excluded_lines": 0}, "missing_lines": [], "excluded_lines": []}, "": {"executed_lines": [1, 3, 6, 35, 52, 68, 85], "summary": {"covered_lines": 6, "num_statements": 6, "percent_covered": 100.0, "percent_covered_display": "100", "missing_lines": 0, "excluded_lines": 0}, "missing_lines": [], "excluded_lines": []}}, "classes": {"": {"executed_lines": [1, 3, 6, 16, 17, 19, 20, 23, 24, 25, 26, 27, 29, 31, 32, 35, 45, 46, 48, 49, 52, 62, 63, 65, 68, 78, 79, 81, 82, 85, 96], "summary": {"covered_lines": 30, "num_statements": 30, "percent_covered": 100.0, "percent_covered_display": "100", "missing_lines": 0, "excluded_lines": 0}, "missing_lines": [], "excluded_lines": []}}}}, "totals": {"covered_lines": 493, "num_statements": 1435, "percent_covered": 34.35540069686411, "percent_covered_display": "34", "missing_lines": 942, "excluded_lines": 17}}